11:40:31,051  INFO localhost-startStop-1 ContextLoader:305 - Root WebApplicationContext: initialization started
11:40:31,101  INFO localhost-startStop-1 XmlWebApplicationContext:578 - Refreshing Root WebApplicationContext: startup date [Tue Dec 11 11:40:31 MYT 2018]; root of context hierarchy
11:40:31,125  INFO localhost-startStop-1 XmlBeanDefinitionReader:317 - Loading XML bean definitions from ServletContext resource [/WEB-INF/shell-service.xml]
11:40:31,340  INFO localhost-startStop-1 ContextLoader:345 - Root WebApplicationContext: initialization completed in 288 ms
11:40:31,345  INFO localhost-startStop-1 DispatcherServlet:487 - FrameworkServlet 'shell': initialization started
11:40:31,347  INFO localhost-startStop-1 XmlWebApplicationContext:578 - Refreshing WebApplicationContext for namespace 'shell-servlet': startup date [Tue Dec 11 11:40:31 MYT 2018]; parent: Root WebApplicationContext
11:40:31,348  INFO localhost-startStop-1 XmlBeanDefinitionReader:317 - Loading XML bean definitions from ServletContext resource [/WEB-INF/shell-servlet.xml]
11:40:31,558  INFO localhost-startStop-1 RequestMappingHandlerMapping:534 - Mapped "{[/api/anon/getSuccess]}" onto public org.shell.rest.ResultJson org.shell.rest.RestTestController.getSuccess()
11:40:31,560  INFO localhost-startStop-1 RequestMappingHandlerMapping:534 - Mapped "{[/test/requestSuccess],methods=[GET]}" onto public java.lang.String org.shell.web.TestController.requestSuccess()
11:40:31,762  INFO localhost-startStop-1 RequestMappingHandlerAdapter:539 - Looking for @ControllerAdvice: WebApplicationContext for namespace 'shell-servlet': startup date [Tue Dec 11 11:40:31 MYT 2018]; parent: Root WebApplicationContext
11:40:31,790  INFO localhost-startStop-1 RequestMappingHandlerAdapter:539 - Looking for @ControllerAdvice: WebApplicationContext for namespace 'shell-servlet': startup date [Tue Dec 11 11:40:31 MYT 2018]; parent: Root WebApplicationContext
11:40:31,844  INFO localhost-startStop-1 DispatcherServlet:506 - FrameworkServlet 'shell': initialization completed in 499 ms
11:41:16,700  INFO http-bio-8080-exec-3 TestController:17 - Received request to test
11:44:34,739  INFO localhost-startStop-2 XmlWebApplicationContext:960 - Closing WebApplicationContext for namespace 'shell-servlet': startup date [Tue Dec 11 11:40:31 MYT 2018]; parent: Root WebApplicationContext
11:44:34,749  INFO localhost-startStop-2 XmlWebApplicationContext:960 - Closing Root WebApplicationContext: startup date [Tue Dec 11 11:40:31 MYT 2018]; root of context hierarchy
11:44:46,226  INFO localhost-startStop-1 ContextLoader:305 - Root WebApplicationContext: initialization started
11:44:46,293  INFO localhost-startStop-1 XmlWebApplicationContext:578 - Refreshing Root WebApplicationContext: startup date [Tue Dec 11 11:44:46 MYT 2018]; root of context hierarchy
11:44:46,322  INFO localhost-startStop-1 XmlBeanDefinitionReader:317 - Loading XML bean definitions from ServletContext resource [/WEB-INF/shell-service.xml]
11:44:46,576  INFO localhost-startStop-1 ContextLoader:345 - Root WebApplicationContext: initialization completed in 349 ms
11:44:46,587  INFO localhost-startStop-1 DispatcherServlet:487 - FrameworkServlet 'shell': initialization started
11:44:46,590  INFO localhost-startStop-1 XmlWebApplicationContext:578 - Refreshing WebApplicationContext for namespace 'shell-servlet': startup date [Tue Dec 11 11:44:46 MYT 2018]; parent: Root WebApplicationContext
11:44:46,590  INFO localhost-startStop-1 XmlBeanDefinitionReader:317 - Loading XML bean definitions from ServletContext resource [/WEB-INF/shell-servlet.xml]
11:44:46,812  INFO localhost-startStop-1 RequestMappingHandlerMapping:534 - Mapped "{[/api/anon/getSuccess]}" onto public org.shell.rest.ResultJson org.shell.rest.RestTestController.getSuccess()
11:44:46,813  INFO localhost-startStop-1 RequestMappingHandlerMapping:534 - Mapped "{[/test/requestSuccess],methods=[GET]}" onto public java.lang.String org.shell.web.TestController.requestSuccess()
11:44:47,015  INFO localhost-startStop-1 RequestMappingHandlerAdapter:539 - Looking for @ControllerAdvice: WebApplicationContext for namespace 'shell-servlet': startup date [Tue Dec 11 11:44:46 MYT 2018]; parent: Root WebApplicationContext
11:44:47,049  INFO localhost-startStop-1 RequestMappingHandlerAdapter:539 - Looking for @ControllerAdvice: WebApplicationContext for namespace 'shell-servlet': startup date [Tue Dec 11 11:44:46 MYT 2018]; parent: Root WebApplicationContext
11:44:47,115  INFO localhost-startStop-1 DispatcherServlet:506 - FrameworkServlet 'shell': initialization completed in 528 ms
11:45:02,238  WARN http-bio-8080-exec-3 PageNotFound:1139 - No mapping found for HTTP request with URI [/shell/web/anon/getSuccess] in DispatcherServlet with name 'shell'
11:46:31,467  INFO localhost-startStop-2 XmlWebApplicationContext:960 - Closing WebApplicationContext for namespace 'shell-servlet': startup date [Tue Dec 11 11:44:46 MYT 2018]; parent: Root WebApplicationContext
11:46:31,473  INFO localhost-startStop-2 XmlWebApplicationContext:960 - Closing Root WebApplicationContext: startup date [Tue Dec 11 11:44:46 MYT 2018]; root of context hierarchy
13:07:37,359 ERROR main BaseUserDaoImpl:41 - Could not execute : PreparedStatementCallback; SQL [INSERT INTO baseuser (id,email,password,role,enabled) VALUES (?,?,?,?,?)]; ERROR: null value in column "contact" violates not-null constraint
  Detail: Failing row contains (a813e1fe-72fd-46fd-a980-28213a9f4152, admin@test.com, null, null, $2a$10$txeiNPXMrhy9E/5WCEu2luwlB0prpjP4RrmJnrftdcXKbLBIXtvLe, t, ROLE_ADMIN).; nested exception is org.postgresql.util.PSQLException: ERROR: null value in column "contact" violates not-null constraint
  Detail: Failing row contains (a813e1fe-72fd-46fd-a980-28213a9f4152, admin@test.com, null, null, $2a$10$txeiNPXMrhy9E/5WCEu2luwlB0prpjP4RrmJnrftdcXKbLBIXtvLe, t, ROLE_ADMIN).
org.springframework.dao.DataIntegrityViolationException: PreparedStatementCallback; SQL [INSERT INTO baseuser (id,email,password,role,enabled) VALUES (?,?,?,?,?)]; ERROR: null value in column "contact" violates not-null constraint
  Detail: Failing row contains (a813e1fe-72fd-46fd-a980-28213a9f4152, admin@test.com, null, null, $2a$10$txeiNPXMrhy9E/5WCEu2luwlB0prpjP4RrmJnrftdcXKbLBIXtvLe, t, ROLE_ADMIN).; nested exception is org.postgresql.util.PSQLException: ERROR: null value in column "contact" violates not-null constraint
  Detail: Failing row contains (a813e1fe-72fd-46fd-a980-28213a9f4152, admin@test.com, null, null, $2a$10$txeiNPXMrhy9E/5WCEu2luwlB0prpjP4RrmJnrftdcXKbLBIXtvLe, t, ROLE_ADMIN).
	at org.springframework.jdbc.support.SQLErrorCodeSQLExceptionTranslator.doTranslate(SQLErrorCodeSQLExceptionTranslator.java:243)
	at org.springframework.jdbc.support.AbstractFallbackSQLExceptionTranslator.translate(AbstractFallbackSQLExceptionTranslator.java:73)
	at org.springframework.jdbc.core.JdbcTemplate.execute(JdbcTemplate.java:645)
	at org.springframework.jdbc.core.JdbcTemplate.update(JdbcTemplate.java:866)
	at org.springframework.jdbc.core.JdbcTemplate.update(JdbcTemplate.java:927)
	at org.shell.user.persistence.BaseUserDaoImpl.store(BaseUserDaoImpl.java:26)
	at org.shell.user.initialize.CreateSampleUsers.main(CreateSampleUsers.java:48)
Caused by: org.postgresql.util.PSQLException: ERROR: null value in column "contact" violates not-null constraint
  Detail: Failing row contains (a813e1fe-72fd-46fd-a980-28213a9f4152, admin@test.com, null, null, $2a$10$txeiNPXMrhy9E/5WCEu2luwlB0prpjP4RrmJnrftdcXKbLBIXtvLe, t, ROLE_ADMIN).
	at org.postgresql.core.v3.QueryExecutorImpl.receiveErrorResponse(QueryExecutorImpl.java:2284)
	at org.postgresql.core.v3.QueryExecutorImpl.processResults(QueryExecutorImpl.java:2003)
	at org.postgresql.core.v3.QueryExecutorImpl.execute(QueryExecutorImpl.java:200)
	at org.postgresql.jdbc.PgStatement.execute(PgStatement.java:424)
	at org.postgresql.jdbc.PgPreparedStatement.executeWithFlags(PgPreparedStatement.java:161)
	at org.postgresql.jdbc.PgPreparedStatement.executeUpdate(PgPreparedStatement.java:133)
	at org.apache.commons.dbcp.DelegatingPreparedStatement.executeUpdate(DelegatingPreparedStatement.java:105)
	at org.apache.commons.dbcp.DelegatingPreparedStatement.executeUpdate(DelegatingPreparedStatement.java:105)
	at org.springframework.jdbc.core.JdbcTemplate$2.doInPreparedStatement(JdbcTemplate.java:873)
	at org.springframework.jdbc.core.JdbcTemplate$2.doInPreparedStatement(JdbcTemplate.java:866)
	at org.springframework.jdbc.core.JdbcTemplate.execute(JdbcTemplate.java:629)
	... 4 more
13:07:37,363 ERROR main CreateSampleUsers:53 - Could not execute store : PreparedStatementCallback; SQL [INSERT INTO baseuser (id,email,password,role,enabled) VALUES (?,?,?,?,?)]; ERROR: null value in column "contact" violates not-null constraint
  Detail: Failing row contains (a813e1fe-72fd-46fd-a980-28213a9f4152, admin@test.com, null, null, $2a$10$txeiNPXMrhy9E/5WCEu2luwlB0prpjP4RrmJnrftdcXKbLBIXtvLe, t, ROLE_ADMIN).; nested exception is org.postgresql.util.PSQLException: ERROR: null value in column "contact" violates not-null constraint
  Detail: Failing row contains (a813e1fe-72fd-46fd-a980-28213a9f4152, admin@test.com, null, null, $2a$10$txeiNPXMrhy9E/5WCEu2luwlB0prpjP4RrmJnrftdcXKbLBIXtvLe, t, ROLE_ADMIN).
13:09:23,728  INFO main CreateSampleUsers:57 - Admin : BaseUser [id=420365fd-064e-4607-97e9-dfe05386d552, email=admin@test.com, enabled=true, role=ROLE_ADMIN]
13:09:23,730  INFO main CreateSampleUsers:60 - Punter : BaseUser [id=420365fd-064e-4607-97e9-dfe05386d552, email=admin@test.com, enabled=true, role=ROLE_ADMIN]
13:09:23,730  INFO main CreateSampleUsers:62 - Done
14:00:32,689  INFO http-bio-8080-exec-3 RestAuthController:48 - Attempting to authorize : admin@test.com
14:00:33,127  INFO http-bio-8080-exec-3 RestAuthController:56 - Got baseuser : admin@test.com
14:03:11,535  INFO http-bio-8080-exec-5 CustomUserDetailsService:28 - loadUserByUsername email : admin@test.com
14:03:11,544  INFO http-bio-8080-exec-5 CustomUserDetailsService:43 - User : admin@test.com found with role :ROLE_ADMIN
14:03:11,545  INFO http-bio-8080-exec-5 CustomUserDetailsService:49 - Using User : admin@test.com with authorities :[ROLE_ADMIN]
14:03:15,256  INFO http-bio-8080-exec-5 CustomUserDetailsService:28 - loadUserByUsername email : admin@test.com
14:03:15,262  INFO http-bio-8080-exec-5 CustomUserDetailsService:43 - User : admin@test.com found with role :ROLE_ADMIN
14:03:15,263  INFO http-bio-8080-exec-5 CustomUserDetailsService:49 - Using User : admin@test.com with authorities :[ROLE_ADMIN]
14:04:12,665  INFO http-bio-8080-exec-8 RestAuthController:48 - Attempting to authorize : admin@test.com
14:04:12,672  INFO http-bio-8080-exec-8 RestAuthController:56 - Got baseuser : admin@test.com
14:04:18,285  INFO http-bio-8080-exec-9 CustomUserDetailsService:28 - loadUserByUsername email : admin@test.com
14:04:18,290  INFO http-bio-8080-exec-9 CustomUserDetailsService:43 - User : admin@test.com found with role :ROLE_ADMIN
14:04:18,293  INFO http-bio-8080-exec-9 CustomUserDetailsService:49 - Using User : admin@test.com with authorities :[ROLE_ADMIN]
14:04:19,410  INFO http-bio-8080-exec-9 CustomUserDetailsService:28 - loadUserByUsername email : admin@test.com
14:04:19,415  INFO http-bio-8080-exec-9 CustomUserDetailsService:43 - User : admin@test.com found with role :ROLE_ADMIN
14:04:19,416  INFO http-bio-8080-exec-9 CustomUserDetailsService:49 - Using User : admin@test.com with authorities :[ROLE_ADMIN]
14:15:05,305  INFO http-bio-8080-exec-4 RestAuthController:48 - Attempting to authorize : admin@test.com
14:15:05,668  INFO http-bio-8080-exec-4 RestAuthController:56 - Got baseuser : admin@test.com
14:15:05,853  INFO http-bio-8080-exec-5 CustomUserDetailsService:28 - loadUserByUsername email : admin@test.com
14:15:05,855  INFO http-bio-8080-exec-5 CustomUserDetailsService:43 - User : admin@test.com found with role :ROLE_ADMIN
14:15:05,856  INFO http-bio-8080-exec-5 CustomUserDetailsService:49 - Using User : admin@test.com with authorities :[ROLE_ADMIN]
14:50:43,549  INFO http-bio-8080-exec-6 WebAnonController:24 - Received logon
14:51:53,402  INFO http-bio-8080-exec-10 WebAnonController:24 - Received logon
14:53:59,959  INFO http-bio-8080-exec-4 WebAnonController:24 - Received logon
14:55:51,134  INFO http-bio-8080-exec-10 WebAnonController:24 - Received logon
14:56:06,852  INFO http-bio-8080-exec-1 WebAnonController:24 - Received logon
14:56:50,995  INFO http-bio-8080-exec-10 WebAnonController:24 - Received logon
14:57:42,709  INFO http-bio-8080-exec-3 WebAnonController:24 - Received logon
14:58:50,406  INFO http-bio-8080-exec-1 WebAnonController:24 - Received logon
14:59:53,985  INFO http-bio-8080-exec-5 WebAnonController:24 - Received logon
15:00:48,551  INFO http-bio-8080-exec-5 WebAnonController:24 - Received logon
15:02:15,266  INFO http-bio-8080-exec-3 WebAnonController:24 - Received logon
15:03:59,909  INFO http-bio-8080-exec-7 WebAnonController:24 - Received logon
15:05:26,930  INFO http-bio-8080-exec-2 WebAnonController:24 - Received logon
15:16:12,518  INFO http-bio-8080-exec-4 RestAuthController:47 - Attempting to authorize : admin@test.com
15:16:12,873  INFO http-bio-8080-exec-4 RestAuthController:55 - Got baseuser : admin@test.com
15:16:13,042  INFO http-bio-8080-exec-5 CustomUserDetailsService:28 - loadUserByUsername email : admin@test.com
15:16:13,043  INFO http-bio-8080-exec-5 CustomUserDetailsService:43 - User : admin@test.com found with role :ROLE_ADMIN
15:16:13,044  INFO http-bio-8080-exec-5 CustomUserDetailsService:49 - Using User : admin@test.com with authorities :[ROLE_ADMIN]
15:16:20,846  INFO http-bio-8080-exec-8 WebAnonController:24 - Received logon
08:42:03,776  INFO http-bio-8080-exec-3 WebAnonController:24 - Received logon
08:42:35,199  INFO http-bio-8080-exec-5 WebAnonController:24 - Received logon
08:42:51,086  INFO http-bio-8080-exec-10 RestAuthController:54 - Attempting to authorize : admin@test.com
08:42:51,406  INFO http-bio-8080-exec-10 RestAuthController:62 - Got baseuser : admin@test.com
08:42:51,549  INFO http-bio-8080-exec-6 CustomUserDetailsService:28 - loadUserByUsername email : admin@test.com
08:42:51,550  INFO http-bio-8080-exec-6 CustomUserDetailsService:43 - User : admin@test.com found with role :ROLE_ADMIN
08:42:51,551  INFO http-bio-8080-exec-6 CustomUserDetailsService:49 - Using User : admin@test.com with authorities :[ROLE_ADMIN]
08:46:51,005  INFO http-bio-8080-exec-5 RestAuthController:54 - Attempting to authorize : admin@test.com
08:46:51,007  INFO http-bio-8080-exec-5 RestAuthController:62 - Got baseuser : admin@test.com
08:46:51,021  INFO http-bio-8080-exec-9 CustomUserDetailsService:28 - loadUserByUsername email : admin@test.com
08:46:51,023  INFO http-bio-8080-exec-9 CustomUserDetailsService:43 - User : admin@test.com found with role :ROLE_ADMIN
08:46:51,024  INFO http-bio-8080-exec-9 CustomUserDetailsService:49 - Using User : admin@test.com with authorities :[ROLE_ADMIN]
08:48:16,589  INFO http-bio-8080-exec-1 WebAnonController:24 - Received logon
08:48:34,244  INFO http-bio-8080-exec-3 RestAuthController:54 - Attempting to authorize : admin@test.com
08:48:34,248  INFO http-bio-8080-exec-3 RestAuthController:62 - Got baseuser : admin@test.com
08:48:34,262  INFO http-bio-8080-exec-6 CustomUserDetailsService:28 - loadUserByUsername email : admin@test.com
08:48:34,268  INFO http-bio-8080-exec-6 CustomUserDetailsService:43 - User : admin@test.com found with role :ROLE_ADMIN
08:48:34,269  INFO http-bio-8080-exec-6 CustomUserDetailsService:49 - Using User : admin@test.com with authorities :[ROLE_ADMIN]
08:48:40,966  INFO http-bio-8080-exec-3 RestAuthController:54 - Attempting to authorize : admin@test.com
08:48:40,967  INFO http-bio-8080-exec-3 RestAuthController:62 - Got baseuser : admin@test.com
08:48:40,972  INFO http-bio-8080-exec-4 CustomUserDetailsService:28 - loadUserByUsername email : admin@test.com
08:48:40,972  INFO http-bio-8080-exec-4 CustomUserDetailsService:43 - User : admin@test.com found with role :ROLE_ADMIN
08:48:40,973  INFO http-bio-8080-exec-4 CustomUserDetailsService:49 - Using User : admin@test.com with authorities :[ROLE_ADMIN]
08:49:47,585  INFO http-bio-8080-exec-2 WebAnonController:24 - Received logon
08:50:14,723  INFO http-bio-8080-exec-9 RestAuthController:54 - Attempting to authorize : admin@test.com
08:50:15,114  INFO http-bio-8080-exec-9 RestAuthController:62 - Got baseuser : admin@test.com
08:52:23,564  INFO http-bio-8080-exec-9 WebAnonController:24 - Received logon
08:52:47,101  INFO http-bio-8080-exec-3 RestAuthController:54 - Attempting to authorize : admin@test.com
08:52:47,474  INFO http-bio-8080-exec-3 RestAuthController:62 - Got baseuser : admin@test.com
08:52:56,862  INFO http-bio-8080-exec-4 CustomUserDetailsService:28 - loadUserByUsername email : admin@test.com
08:52:56,867  INFO http-bio-8080-exec-4 CustomUserDetailsService:43 - User : admin@test.com found with role :ROLE_ADMIN
08:52:56,868  INFO http-bio-8080-exec-4 CustomUserDetailsService:49 - Using User : admin@test.com with authorities :[ROLE_ADMIN]
09:02:11,053  INFO http-bio-8080-exec-7 WebAnonController:24 - Received logon
09:02:33,601  INFO http-bio-8080-exec-1 RestAuthController:54 - Attempting to authorize : admin@test.com
09:02:33,606  INFO http-bio-8080-exec-1 RestAuthController:62 - Got baseuser : admin@test.com
09:02:33,619  INFO http-bio-8080-exec-5 CustomUserDetailsService:28 - loadUserByUsername email : admin@test.com
09:02:33,621  INFO http-bio-8080-exec-5 CustomUserDetailsService:43 - User : admin@test.com found with role :ROLE_ADMIN
09:02:33,621  INFO http-bio-8080-exec-5 CustomUserDetailsService:49 - Using User : admin@test.com with authorities :[ROLE_ADMIN]
09:13:21,812  INFO http-bio-8080-exec-10 WebAnonController:24 - Received logon
09:13:23,895  INFO http-bio-8080-exec-5 RestAuthController:58 - Attempting to authorize : 
09:13:24,224 ERROR http-bio-8080-exec-5 RestAuthController:70 - Error finding User:  not found - null
09:13:44,042  INFO http-bio-8080-exec-5 RestAuthController:58 - Attempting to authorize : admin@test.com
09:13:44,052  INFO http-bio-8080-exec-5 RestAuthController:66 - Got baseuser : admin@test.com
09:13:44,230  INFO http-bio-8080-exec-9 CustomUserDetailsService:28 - loadUserByUsername email : admin@test.com
09:13:44,231  INFO http-bio-8080-exec-9 CustomUserDetailsService:43 - User : admin@test.com found with role :ROLE_ADMIN
09:13:44,232  INFO http-bio-8080-exec-9 CustomUserDetailsService:49 - Using User : admin@test.com with authorities :[ROLE_ADMIN]
09:20:48,855  INFO http-bio-8080-exec-3 WebAnonController:24 - Received logon
09:21:06,096  INFO http-bio-8080-exec-10 RestAuthController:69 - Attempting to authorize : admin@test.com
09:21:06,424  INFO http-bio-8080-exec-10 RestAuthController:77 - Got baseuser : admin@test.com
09:21:06,598  INFO http-bio-8080-exec-5 CustomUserDetailsService:28 - loadUserByUsername email : admin@test.com
09:21:06,600  INFO http-bio-8080-exec-5 CustomUserDetailsService:43 - User : admin@test.com found with role :ROLE_ADMIN
09:21:06,601  INFO http-bio-8080-exec-5 CustomUserDetailsService:49 - Using User : admin@test.com with authorities :[ROLE_ADMIN]
09:21:59,283  INFO http-bio-8080-exec-3 RestAuthController:69 - Attempting to authorize : admin@test.com
09:21:59,284  INFO http-bio-8080-exec-3 RestAuthController:77 - Got baseuser : admin@test.com
09:21:59,292  INFO http-bio-8080-exec-7 CustomUserDetailsService:28 - loadUserByUsername email : admin@test.com
09:21:59,294  INFO http-bio-8080-exec-7 CustomUserDetailsService:43 - User : admin@test.com found with role :ROLE_ADMIN
09:21:59,294  INFO http-bio-8080-exec-7 CustomUserDetailsService:49 - Using User : admin@test.com with authorities :[ROLE_ADMIN]
09:23:41,529  INFO http-bio-8080-exec-6 WebAnonController:24 - Received logon
09:24:01,281  INFO http-bio-8080-exec-9 RestAuthController:69 - Attempting to authorize : admin@test.com
09:24:01,282  INFO http-bio-8080-exec-9 RestAuthController:77 - Got baseuser : admin@test.com
09:24:01,288  INFO http-bio-8080-exec-10 CustomUserDetailsService:28 - loadUserByUsername email : admin@test.com
09:24:01,289  INFO http-bio-8080-exec-10 CustomUserDetailsService:43 - User : admin@test.com found with role :ROLE_ADMIN
09:24:01,291  INFO http-bio-8080-exec-10 CustomUserDetailsService:49 - Using User : admin@test.com with authorities :[ROLE_ADMIN]
09:28:31,373  INFO http-bio-8080-exec-3 WebAnonController:24 - Received logon
09:28:46,524  INFO http-bio-8080-exec-10 RestAuthController:69 - Attempting to authorize : admin@test.com
09:28:46,856  INFO http-bio-8080-exec-10 RestAuthController:77 - Got baseuser : admin@test.com
09:28:47,026  INFO http-bio-8080-exec-6 CustomUserDetailsService:28 - loadUserByUsername email : admin@test.com
09:28:47,028  INFO http-bio-8080-exec-6 CustomUserDetailsService:43 - User : admin@test.com found with role :ROLE_ADMIN
09:28:47,029  INFO http-bio-8080-exec-6 CustomUserDetailsService:49 - Using User : admin@test.com with authorities :[ROLE_ADMIN]
09:29:32,148  INFO http-bio-8080-exec-9 WebAnonController:24 - Received logon
09:29:45,835  INFO http-bio-8080-exec-2 RestAuthController:69 - Attempting to authorize : admin@test.com
09:29:45,839  INFO http-bio-8080-exec-2 RestAuthController:77 - Got baseuser : admin@test.com
09:29:45,859  INFO http-bio-8080-exec-3 CustomUserDetailsService:28 - loadUserByUsername email : admin@test.com
09:29:45,863  INFO http-bio-8080-exec-3 CustomUserDetailsService:43 - User : admin@test.com found with role :ROLE_ADMIN
09:29:45,865  INFO http-bio-8080-exec-3 CustomUserDetailsService:49 - Using User : admin@test.com with authorities :[ROLE_ADMIN]
09:30:19,148  INFO http-bio-8080-exec-10 WebAnonController:24 - Received logon
09:30:33,961  INFO http-bio-8080-exec-7 RestAuthController:69 - Attempting to authorize : admin@test.com
09:30:33,964  INFO http-bio-8080-exec-7 RestAuthController:77 - Got baseuser : admin@test.com
09:30:33,977  INFO http-bio-8080-exec-1 CustomUserDetailsService:28 - loadUserByUsername email : admin@test.com
09:30:33,981  INFO http-bio-8080-exec-1 CustomUserDetailsService:43 - User : admin@test.com found with role :ROLE_ADMIN
09:30:33,982  INFO http-bio-8080-exec-1 CustomUserDetailsService:49 - Using User : admin@test.com with authorities :[ROLE_ADMIN]
09:31:42,193  INFO http-bio-8080-exec-2 WebAnonController:24 - Received logon
09:31:57,397  INFO http-bio-8080-exec-8 RestAuthController:72 - Attempting to authorize : admin@test.com
09:31:57,754  INFO http-bio-8080-exec-8 RestAuthController:80 - Got baseuser : admin@test.com
09:31:57,981  INFO http-bio-8080-exec-4 CustomUserDetailsService:28 - loadUserByUsername email : admin@test.com
09:31:57,983  INFO http-bio-8080-exec-4 CustomUserDetailsService:43 - User : admin@test.com found with role :ROLE_ADMIN
09:31:57,983  INFO http-bio-8080-exec-4 CustomUserDetailsService:49 - Using User : admin@test.com with authorities :[ROLE_ADMIN]
09:58:22,204  INFO http-bio-8080-exec-3 WebAnonController:24 - Received logon
09:59:26,674  INFO http-bio-8080-exec-6 WebAnonController:24 - Received logon
09:59:29,129  INFO http-bio-8080-exec-3 RestAuthController:76 - Attempting to authorize : admin@test.com
09:59:29,446  INFO http-bio-8080-exec-3 RestAuthController:84 - Got baseuser : admin@test.com
09:59:29,620  INFO http-bio-8080-exec-6 CustomUserDetailsService:28 - loadUserByUsername email : admin@test.com
09:59:29,621  INFO http-bio-8080-exec-6 CustomUserDetailsService:43 - User : admin@test.com found with role :ROLE_ADMIN
09:59:29,622  INFO http-bio-8080-exec-6 CustomUserDetailsService:49 - Using User : admin@test.com with authorities :[ROLE_ADMIN]
09:59:29,709  INFO http-bio-8080-exec-6 CustomUserDetailsService:28 - loadUserByUsername email : admin@test.com
09:59:29,710  INFO http-bio-8080-exec-6 CustomUserDetailsService:43 - User : admin@test.com found with role :ROLE_ADMIN
09:59:29,711  INFO http-bio-8080-exec-6 CustomUserDetailsService:49 - Using User : admin@test.com with authorities :[ROLE_ADMIN]
10:01:27,543  INFO http-bio-8080-exec-2 WebAnonController:24 - Received logon
10:01:30,140  INFO http-bio-8080-exec-7 RestAuthController:75 - Attempting to authorize : admin@test.com
10:01:30,481  INFO http-bio-8080-exec-7 RestAuthController:83 - Got baseuser : admin@test.com
10:01:30,665  INFO http-bio-8080-exec-5 CustomUserDetailsService:28 - loadUserByUsername email : admin@test.com
10:01:30,668  INFO http-bio-8080-exec-5 CustomUserDetailsService:43 - User : admin@test.com found with role :ROLE_ADMIN
10:01:30,669  INFO http-bio-8080-exec-5 CustomUserDetailsService:49 - Using User : admin@test.com with authorities :[ROLE_ADMIN]
10:01:30,765  INFO http-bio-8080-exec-5 CustomUserDetailsService:28 - loadUserByUsername email : admin@test.com
10:01:30,767  INFO http-bio-8080-exec-5 CustomUserDetailsService:43 - User : admin@test.com found with role :ROLE_ADMIN
10:01:30,767  INFO http-bio-8080-exec-5 CustomUserDetailsService:49 - Using User : admin@test.com with authorities :[ROLE_ADMIN]
10:01:44,872  INFO http-bio-8080-exec-7 WebAnonController:24 - Received logon
10:01:47,649  INFO http-bio-8080-exec-7 RestAuthController:75 - Attempting to authorize : admin@test.com
10:01:47,650  INFO http-bio-8080-exec-7 RestAuthController:83 - Got baseuser : admin@test.com
10:01:47,656  INFO http-bio-8080-exec-8 CustomUserDetailsService:28 - loadUserByUsername email : admin@test.com
10:01:47,657  INFO http-bio-8080-exec-8 CustomUserDetailsService:43 - User : admin@test.com found with role :ROLE_ADMIN
10:01:47,657  INFO http-bio-8080-exec-8 CustomUserDetailsService:49 - Using User : admin@test.com with authorities :[ROLE_ADMIN]
10:03:55,323  INFO http-bio-8080-exec-6 WebAnonController:24 - Received logon
10:04:49,791  INFO http-bio-8080-exec-1 WebAnonController:24 - Received logon
10:04:51,620  INFO http-bio-8080-exec-3 RestAuthController:75 - Attempting to authorize : admin@test.com
10:04:51,624  INFO http-bio-8080-exec-3 RestAuthController:83 - Got baseuser : admin@test.com
10:04:51,637  INFO http-bio-8080-exec-8 CustomUserDetailsService:28 - loadUserByUsername email : admin@test.com
10:04:51,640  INFO http-bio-8080-exec-8 CustomUserDetailsService:43 - User : admin@test.com found with role :ROLE_ADMIN
10:04:51,641  INFO http-bio-8080-exec-8 CustomUserDetailsService:49 - Using User : admin@test.com with authorities :[ROLE_ADMIN]
10:12:19,356  INFO http-bio-8080-exec-9 WebAnonController:24 - Received logon
10:12:27,854  INFO http-bio-8080-exec-7 RestAuthController:75 - Attempting to authorize : admin@test.com
10:12:27,856  INFO http-bio-8080-exec-7 RestAuthController:83 - Got baseuser : admin@test.com
10:12:27,861  INFO http-bio-8080-exec-9 CustomUserDetailsService:28 - loadUserByUsername email : admin@test.com
10:12:27,862  INFO http-bio-8080-exec-9 CustomUserDetailsService:43 - User : admin@test.com found with role :ROLE_ADMIN
10:12:27,862  INFO http-bio-8080-exec-9 CustomUserDetailsService:49 - Using User : admin@test.com with authorities :[ROLE_ADMIN]
10:13:39,420  INFO http-bio-8080-exec-10 WebAnonController:24 - Received logon
10:13:41,680  INFO http-bio-8080-exec-10 RestAuthController:75 - Attempting to authorize : admin@test.com
10:13:41,683  INFO http-bio-8080-exec-10 RestAuthController:83 - Got baseuser : admin@test.com
10:13:41,694  INFO http-bio-8080-exec-6 CustomUserDetailsService:28 - loadUserByUsername email : admin@test.com
10:13:41,697  INFO http-bio-8080-exec-6 CustomUserDetailsService:43 - User : admin@test.com found with role :ROLE_ADMIN
10:13:41,698  INFO http-bio-8080-exec-6 CustomUserDetailsService:49 - Using User : admin@test.com with authorities :[ROLE_ADMIN]
10:24:26,337  INFO http-bio-8080-exec-10 RestAuthController:75 - Attempting to authorize : admin@test.com
10:24:26,684  INFO http-bio-8080-exec-10 RestAuthController:83 - Got baseuser : admin@test.com
10:24:26,882  INFO http-bio-8080-exec-1 CustomUserDetailsService:28 - loadUserByUsername email : admin@test.com
10:24:26,885  INFO http-bio-8080-exec-1 CustomUserDetailsService:43 - User : admin@test.com found with role :ROLE_ADMIN
10:24:26,885  INFO http-bio-8080-exec-1 CustomUserDetailsService:49 - Using User : admin@test.com with authorities :[ROLE_ADMIN]
10:29:01,117  INFO http-bio-8080-exec-5 RestAuthController:75 - Attempting to authorize : admin@test.com
10:29:01,118  INFO http-bio-8080-exec-5 RestAuthController:83 - Got baseuser : admin@test.com
10:29:01,125  INFO http-bio-8080-exec-8 CustomUserDetailsService:28 - loadUserByUsername email : admin@test.com
10:29:01,126  INFO http-bio-8080-exec-8 CustomUserDetailsService:43 - User : admin@test.com found with role :ROLE_ADMIN
10:29:01,126  INFO http-bio-8080-exec-8 CustomUserDetailsService:49 - Using User : admin@test.com with authorities :[ROLE_ADMIN]
10:37:45,443  INFO http-bio-8080-exec-6 RestAuthController:75 - Attempting to authorize : admin@test.com
10:37:45,754  INFO http-bio-8080-exec-6 RestAuthController:83 - Got baseuser : admin@test.com
10:37:45,948  INFO http-bio-8080-exec-7 CustomUserDetailsService:28 - loadUserByUsername email : admin@test.com
10:37:45,950  INFO http-bio-8080-exec-7 CustomUserDetailsService:43 - User : admin@test.com found with role :ROLE_ADMIN
10:37:45,950  INFO http-bio-8080-exec-7 CustomUserDetailsService:49 - Using User : admin@test.com with authorities :[ROLE_ADMIN]
11:09:44,724  INFO http-bio-8080-exec-4 RestAuthController:75 - Attempting to authorize : admin@test.com
11:09:45,039  INFO http-bio-8080-exec-4 RestAuthController:83 - Got baseuser : admin@test.com
11:09:45,198  INFO http-bio-8080-exec-5 CustomUserDetailsService:28 - loadUserByUsername email : admin@test.com
11:09:45,200  INFO http-bio-8080-exec-5 CustomUserDetailsService:43 - User : admin@test.com found with role :ROLE_ADMIN
11:09:45,200  INFO http-bio-8080-exec-5 CustomUserDetailsService:49 - Using User : admin@test.com with authorities :[ROLE_ADMIN]
